2023-03-31 14:56:53,970 - INFO - Printing status
2023-03-31 14:57:38,025 - INFO - Reloading config
2023-03-31 14:57:41,289 - INFO - Printing status
2023-03-31 14:57:52,889 - INFO - Reloading config
2023-03-31 14:58:01,209 - INFO - Starting program: proc1
2023-03-31 14:58:05,369 - INFO - Printing status
2023-03-31 14:58:35,121 - INFO - Stopping program: proc1
2023-03-31 14:58:49,257 - INFO - Printing status
2023-03-31 15:49:26,219 - INFO - Printing status
2023-03-31 15:50:16,088 - INFO - Printing status
2023-03-31 15:50:20,648 - INFO - Reloading config
2023-03-31 15:50:30,759 - INFO - Printing status
2023-03-31 15:50:45,270 - INFO - Reloading config
2023-03-31 15:50:48,325 - INFO - Printing status
2023-03-31 15:51:07,717 - INFO - Reloading config
2023-03-31 15:51:10,349 - INFO - Printing status
2023-03-31 15:54:15,082 - INFO - Stopping program: proc1
2023-03-31 15:55:55,621 - INFO - Starting program: proc1
2023-03-31 15:56:42,795 - INFO - Stopping program: proc1
2023-03-31 15:56:58,362 - INFO - Printing status
2023-03-31 17:03:50,247 - INFO - Starting program: proc1
2023-03-31 17:07:11,032 - INFO - Starting program: ls
2023-03-31 17:07:19,248 - INFO - Starting program: ls_proc
2023-03-31 17:08:01,918 - INFO - Stopping program: ls_proc
2023-03-31 17:08:16,717 - INFO - Printing status
2023-03-31 17:08:42,916 - INFO - Starting program: ls_no_bin
2023-03-31 17:08:48,988 - INFO - Stopping program: ls_no_bin
2023-04-06 10:10:43,983 - INFO - Starting program: proc1
2023-04-06 08:16:17,227 - INFO - Printing status
2023-04-06 08:16:32,363 - INFO - Starting program: proc1
2023-04-06 08:16:51,244 - INFO - Starting program: proc1
2023-04-06 08:36:02,906 - INFO - Starting program: proc1
2023-04-06 08:36:32,650 - INFO - Starting program: proc2
2023-04-06 08:36:49,074 - INFO - Starting program: ls_proc
2023-04-06 08:36:57,747 - INFO - Stopping program: ls_proc
2023-04-06 08:38:39,516 - INFO - Reloading config
2023-04-06 08:38:54,108 - INFO - Reloading config
2023-04-06 08:39:00,940 - INFO - Starting program: proc1
2023-04-06 08:39:34,244 - INFO - Starting program: proc2
2023-04-06 08:40:08,213 - INFO - Starting program: proc2
2023-04-06 08:41:03,630 - INFO - Starting program: proc2
2023-04-06 08:44:38,304 - INFO - Starting program: ls_no_bin
2023-04-06 08:45:07,289 - INFO - Printing status
2023-04-06 08:45:18,273 - INFO - Stopping program: ls_no_bin
2023-04-06 08:46:27,978 - INFO - Starting program: proc1
2023-04-06 08:47:09,050 - INFO - Starting program: proc1
2023-04-06 08:47:20,081 - INFO - Starting program: proc1
2023-04-06 08:47:49,082 - INFO - Starting program: proc1
2023-04-06 08:49:54,884 - INFO - Starting program: proc1
2023-04-06 08:59:02,388 - INFO - Starting program: proc1
2023-04-06 08:59:23,220 - INFO - Starting program: proc1
2023-04-06 08:59:33,933 - INFO - Starting program: proc1
2023-04-06 08:59:50,965 - INFO - Printing status
2023-04-06 09:00:06,350 - INFO - Stopping program: proc1
2023-04-06 09:00:13,189 - INFO - Starting program: proc1
2023-04-06 09:00:18,077 - INFO - Starting program: proc1
2023-04-06 09:00:24,030 - INFO - Stopping program: proc1
2023-04-06 09:50:48,621 - INFO - Starting program: proc1
2023-04-06 09:51:01,286 - INFO - Stopping program: proc1
2023-04-06 10:32:44,700 - INFO - Starting program: proc1
2023-04-06 10:32:52,931 - INFO - Stopping program: proc1
2023-04-06 12:06:40,500 - INFO - Starting program: proc1
2023-04-06 12:07:38,604 - INFO - Starting program: proc1
2023-04-06 12:07:43,716 - INFO - Stopping program: proc1
2023-04-06 12:15:09,817 - INFO - Starting program: proc1
2023-04-06 12:15:25,762 - INFO - Stopping program: p
2023-04-06 12:15:31,873 - INFO - Stopping program: proc1
2023-04-06 12:16:14,994 - INFO - Starting program: proc1
2023-04-06 12:16:20,602 - INFO - Stopping program: proc1
2023-04-06 12:30:13,974 - INFO - Starting program: proc1
2023-04-06 12:31:34,943 - INFO - Starting program: ls_bin
2023-04-06 12:31:42,312 - INFO - Starting program: ls_proc
2023-04-06 12:32:07,496 - INFO - Starting program: proc1
2023-04-06 12:32:13,216 - INFO - Stopping program: proc1
2023-04-06 12:36:07,636 - INFO - Starting program: proc2
2023-04-06 12:36:13,610 - INFO - Stopping program: proc2
2023-04-06 12:41:02,550 - INFO - Starting program: proc1
2023-04-06 12:41:06,159 - INFO - Stopping program: proc1
2023-04-06 12:41:48,912 - INFO - Stopping program: proc1
2023-04-06 12:41:59,928 - INFO - Starting program: proc1
2023-04-06 12:42:02,792 - INFO - Stopping program: proc1
2023-04-06 12:44:03,434 - INFO - Starting program: proc1
2023-04-06 12:44:09,833 - INFO - Stopping program: proc1
2023-04-06 12:56:35,698 - INFO - Starting program: proc2
2023-04-06 12:58:11,731 - INFO - Starting program: proc2
2023-04-06 12:58:40,531 - INFO - Starting program: proc2
2023-04-06 12:58:56,164 - INFO - Starting program: proc2
2023-04-06 12:59:09,836 - INFO - Starting program: proc2
2023-04-06 13:00:21,493 - INFO - Starting program: proc2
2023-04-06 13:00:30,069 - INFO - Stopping program: proc2
2023-04-06 13:15:06,847 - INFO - Starting program: proc2
2023-04-06 13:15:18,119 - INFO - Starting program: proc2
2023-04-06 13:15:33,447 - INFO - Starting program: proc2
2023-04-06 13:15:37,495 - INFO - Stopping program: proc2
2023-04-06 13:16:56,992 - INFO - Starting program: proc2
2023-04-06 13:19:50,123 - INFO - Starting program: proc2
2023-04-06 13:20:20,779 - INFO - Starting program: proc2
2023-04-06 13:28:06,673 - INFO - Starting program: proc2
2023-04-06 13:28:10,914 - INFO - Stopping program: proc2
2023-04-06 13:28:50,202 - INFO - Starting program: proc2
2023-04-06 13:28:54,282 - INFO - Stopping program: proc2
2023-04-06 13:30:03,603 - INFO - Starting program: proc2
2023-04-06 13:30:07,252 - INFO - Stopping program: proc2
2023-04-06 13:30:44,452 - INFO - Starting program: proc1
2023-04-06 13:31:16,756 - INFO - Starting program: proc1
2023-04-06 13:31:47,702 - INFO - Stopping program: proc1
2023-04-06 13:32:45,822 - INFO - Starting program: proc1
2023-04-06 13:32:49,470 - INFO - Stopping program: proc1
2023-04-06 13:36:59,858 - INFO - Starting program: proc1
2023-04-06 13:37:04,106 - INFO - Stopping program: proc1
2023-04-06 13:42:16,774 - INFO - Starting program: proc2
2023-04-06 13:42:20,742 - INFO - Stopping program: proc2
2023-04-06 13:43:16,767 - INFO - Starting program: proc1
2023-04-06 13:43:20,943 - INFO - Stopping program: proc1
2023-04-06 13:44:15,287 - INFO - Starting program: proc1
2023-04-06 13:44:19,207 - INFO - Stopping program: proc1
2023-04-06 13:44:26,912 - INFO - Printing status
2023-04-06 13:50:26,517 - INFO - Starting program: proc2
2023-04-06 13:50:29,340 - INFO - Stopping program: proc2
2023-04-06 13:50:53,117 - INFO - Starting program: proc1
2023-04-06 13:50:56,893 - INFO - Stopping program: proc1
2023-04-06 13:53:08,999 - INFO - Starting program: proc1
2023-04-06 13:55:30,496 - INFO - Starting program: proc1
2023-04-06 14:02:02,350 - INFO - Starting program: proc2
2023-04-06 15:36:26,794 - INFO - Printing status
2023-04-06 15:37:42,955 - INFO - Starting program: proc1
2023-04-06 15:40:47,302 - INFO - Stopping program: proc1
2023-04-06 15:40:58,030 - INFO - Printing status
2023-04-06 15:43:44,143 - INFO - Starting program: proc2
2023-04-06 15:43:54,704 - INFO - Stopping program: proc2
2023-04-06 15:44:53,480 - INFO - Starting program: proc2
2023-04-06 15:45:14,497 - INFO - Stopping program: proc2
2023-04-06 15:46:15,842 - INFO - Starting program: proc2
2023-04-06 15:46:39,729 - INFO - Starting program: proc2
2023-04-06 15:47:01,265 - INFO - Starting program: proc2
2023-04-06 15:47:24,810 - INFO - Starting program: proc2
2023-04-06 15:47:28,266 - INFO - Stopping program: proc2
2023-04-06 15:48:49,019 - INFO - Starting program: proc2
2023-04-06 15:51:23,357 - INFO - Starting program: proc2
2023-04-06 15:52:59,126 - INFO - Starting program: proc2
2023-04-06 15:53:02,542 - INFO - Stopping program: proc2
2023-04-06 15:55:05,999 - INFO - Starting program: proc2
2023-04-06 15:56:28,776 - INFO - Starting program: proc2
2023-04-06 15:57:38,274 - INFO - Starting program: proc3
2023-04-06 15:57:43,250 - INFO - Starting program: proc2
2023-04-06 15:58:01,202 - INFO - Starting program: proc2
2023-04-06 15:58:12,658 - INFO - Stopping program: proc2
2023-04-06 16:02:44,245 - INFO - Starting program: ls_bin
2023-04-06 16:03:00,293 - INFO - Starting program: ls_proc
2023-04-06 16:03:17,103 - INFO - Stopping program: ls_proc
2023-04-06 16:09:47,915 - INFO - Starting program: proc2
2023-04-06 16:09:54,339 - INFO - Stopping program: proc2
2023-04-06 16:10:30,155 - INFO - Starting program: proc2
2023-04-06 16:10:40,076 - INFO - Stopping program: proc2
2023-04-06 16:10:58,500 - INFO - Starting program: proc2
2023-04-06 16:11:18,141 - INFO - Stopping program: proc2
2023-04-06 16:11:30,515 - INFO - Starting program: proc2
2023-04-06 16:11:38,444 - INFO - Stopping program: proc2
2023-04-06 16:12:31,957 - INFO - Starting program: proc2
2023-04-06 16:12:35,572 - INFO - Stopping program: proc2
2023-04-06 16:12:57,790 - INFO - Starting program: proc2
2023-04-06 16:13:07,589 - INFO - Stopping program: proc2
2023-04-06 16:13:34,086 - INFO - Starting program: proc2
2023-04-06 16:14:26,414 - INFO - Starting program: proc2
2023-04-06 16:17:58,281 - INFO - Starting program: proc2
2023-04-06 16:21:04,642 - INFO - Starting program: proc2
2023-04-06 16:21:25,194 - INFO - Stopping program: proc2
2023-04-06 16:21:39,970 - INFO - Starting program: proc2
2023-04-06 16:22:39,859 - INFO - Starting program: proc2
2023-04-06 16:23:05,132 - INFO - Starting program: proc2
2023-04-06 16:26:30,902 - INFO - Starting program: proc2
2023-04-06 16:26:54,494 - INFO - Starting program: proc2
2023-04-06 16:28:12,152 - INFO - Starting program: proc2
2023-04-06 16:37:33,894 - INFO - Starting program: proc2
2023-04-06 16:38:20,815 - INFO - Starting program: proc2
2023-04-06 16:39:00,150 - INFO - Starting program: proc2
2023-04-06 16:39:18,950 - INFO - Starting program: proc2
2023-04-06 16:41:53,305 - INFO - Starting program: proc2
2023-04-06 16:41:55,746 - INFO - Stopping program: proc2
